[main] 2021-08-18 12:48:54 INFO  com.app.Main  - Welcome To FastBuy Online Shopping App!
[main] 2021-08-18 12:48:54 INFO  com.app.Main  - Who you are
[main] 2021-08-18 12:48:54 INFO  com.app.Main  - **********************************
[main] 2021-08-18 12:48:54 INFO  com.app.Main  - 1) Employee
[main] 2021-08-18 12:48:54 INFO  com.app.Main  - 2) Customer
[main] 2021-08-18 12:48:54 INFO  com.app.Main  - 3) Exit
[main] 2021-08-18 12:48:54 INFO  com.app.Main  - Enter your choice between 1-3
[main] 2021-08-18 12:49:03 INFO  com.app.Main  - 
**** Welcome to Employee Login Portal****
[main] 2021-08-18 12:49:03 INFO  com.app.Main  - Enter your username
[main] 2021-08-18 12:49:14 INFO  com.app.Main  - Enter your password
[main] 2021-08-18 12:50:44 INFO  com.app.Main  - Login Successfully!!!!!!!
[main] 2021-08-18 12:50:44 INFO  com.app.Main  - Welcome vik29,What you wanna do today?
[main] 2021-08-18 12:50:44 INFO  com.app.Main  - 1)Add Product
[main] 2021-08-18 12:50:44 INFO  com.app.Main  - 2)Search Products By filter
[main] 2021-08-18 12:50:44 INFO  com.app.Main  - 3)Mark the Status of Order
[main] 2021-08-18 12:50:44 INFO  com.app.Main  - 4)Search Customer By filter
[main] 2021-08-18 12:50:44 INFO  com.app.Main  - 5)LogOut
[main] 2021-08-18 12:50:44 INFO  com.app.Main  - Enter your choice between 1-5
[main] 2021-08-18 12:50:44 INFO  com.app.Main  - Entry is not appropriate. Please Enter Valid Choice

[main] 2021-08-18 12:50:44 INFO  com.app.Main  - 1)Add Product
[main] 2021-08-18 12:50:44 INFO  com.app.Main  - 2)Search Products By filter
[main] 2021-08-18 12:50:44 INFO  com.app.Main  - 3)Mark the Status of Order
[main] 2021-08-18 12:50:44 INFO  com.app.Main  - 4)Search Customer By filter
[main] 2021-08-18 12:50:44 INFO  com.app.Main  - 5)LogOut
[main] 2021-08-18 12:50:44 INFO  com.app.Main  - Enter your choice between 1-5
[main] 2021-08-18 12:51:01 INFO  com.app.Main  - Logout Successful
[main] 2021-08-18 12:51:01 INFO  com.app.Main  - 
**** Welcome to Employee Login Portal****
[main] 2021-08-18 12:51:01 INFO  com.app.Main  - Enter your username
